<?xml version="1.0" encoding="UTF-8"?>
<!-- Generated by org.testng.reporters.JUnitReportReporter -->
<testsuite hostname="DESKTOP-EER3MNQ" failures="0" tests="1" name="tests.HomePageTests" time="2.266" errors="0" timestamp="2021-09-03T01:42:14 ART" skipped="0">
  <testcase classname="tests.HomePageTests" name="testHomePageTitle" time="2.266"/>
  <system-out/>
</testsuite> <!-- tests.HomePageTests -->
