<?xml version="1.0" encoding="UTF-8"?>
<!-- Generated by org.testng.reporters.JUnitReportReporter -->
<testsuite hostname="DESKTOP-EER3MNQ" failures="0" tests="1" name="tests.ContactPageTests" time="3.176" errors="0" timestamp="2021-09-03T01:42:14 ART" skipped="0">
  <testcase classname="tests.ContactPageTests" name="testAboutPageTitle" time="3.176"/>
  <system-out/>
</testsuite> <!-- tests.ContactPageTests -->
