<?xml version="1.0" encoding="UTF-8"?>
<!-- Generated by org.testng.reporters.JUnitReportReporter -->
<testsuite hostname="DESKTOP-EER3MNQ" failures="0" tests="3" name="tests.LoginPageTests" time="12.675" errors="0" timestamp="2021-09-03T01:42:14 ART" skipped="0">
  <testcase classname="tests.LoginPageTests" name="testLoginPageTitle" time="3.009"/>
  <system-out/>
  <testcase classname="tests.LoginPageTests" name="loginToMedicare" time="2.331"/>
  <system-out/>
  <testcase classname="tests.LoginPageTests" name="orderMedicare" time="7.335"/>
  <system-out/>
</testsuite> <!-- tests.LoginPageTests -->
