<?xml version="1.0" encoding="UTF-8"?>
<!-- Generated by org.testng.reporters.JUnitReportReporter -->
<testsuite hostname="DESKTOP-EER3MNQ" failures="0" tests="1" name="tests.AboutPageTests" time="3.122" errors="0" timestamp="2021-09-03T01:44:40 ART" skipped="0">
  <testcase classname="tests.AboutPageTests" name="testAboutPageTitle" time="3.122"/>
  <system-out/>
</testsuite> <!-- tests.AboutPageTests -->
