<?xml version="1.0" encoding="UTF-8"?>
<!-- Generated by org.testng.reporters.JUnitReportReporter -->
<testsuite hostname="DESKTOP-EER3MNQ" failures="0" tests="1" name="tests.ProductsPageTests" time="3.113" errors="0" timestamp="2021-09-03T01:44:40 ART" skipped="0">
  <testcase classname="tests.ProductsPageTests" name="testAboutPageTitle" time="3.113"/>
  <system-out/>
</testsuite> <!-- tests.ProductsPageTests -->
