<?xml version="1.0" encoding="UTF-8"?>
<!-- Generated by org.testng.reporters.JUnitReportReporter -->
<testsuite hostname="DESKTOP-EER3MNQ" failures="0" tests="3" name="tests.LoginPageTests" time="12.649" errors="0" timestamp="2021-09-03T01:44:40 ART" skipped="0">
  <testcase classname="tests.LoginPageTests" name="testLoginPageTitle" time="3.011"/>
  <system-out/>
  <testcase classname="tests.LoginPageTests" name="loginToMedicare" time="2.327"/>
  <system-out/>
  <testcase classname="tests.LoginPageTests" name="orderMedicare" time="7.311"/>
  <system-out/>
</testsuite> <!-- tests.LoginPageTests -->
